PayPal\Core\PPHttpConnection: Connecting to https://api.sandbox.paypal.com/v1/oauth2/token
PayPal\Core\PPHttpConnection: Payload grant_type=client_credentials
PayPal\Core\PPHttpConnection: Adding header User-Agent: PayPalSDK/rest-sdk-php 0.6.0 (lang=PHP;v=5.3.1;bit=32;os=Windows_NT_6.1;machine=i586;openssl=0.9.8l;curl=7.19.6)
PayPal\Core\PPHttpConnection: Adding header Authorization: Basic RUJXS2psRUxLTVlxUk5RNnNZdkZvNjRGdGFSTFJSNUJkSEVFU21oYTQ5VE06RU80MjJkbjNnUUxnRGJ1d3FUanpyRmdGdGFSTFJSNUJkSEVFU21oYTQ5VE0=
PayPal\Core\PPHttpConnection: Adding header Accept: */*
PayPal\Core\PPHttpConnection: Invalid or no certificate authority found - Retrying using bundled CA certs file
PayPal\Core\PPHttpConnection: Connecting to https://api.sandbox.paypal.com/v1/payments/payment
PayPal\Core\PPHttpConnection: Payload {"intent":"sale","payer":{"payment_method":"credit_card","funding_instruments":[{"credit_card":{"type":"visa","number":"4417119669820331","expire_month":"11","expire_year":"2019","cvv2":"012","first_name":"Joe","last_name":"Shopper"}}]},"transactions":[{"amount":{"currency":"USD","total":"20.00","details":{"shipping":"1.20","tax":"1.30","subtotal":"17.50"}},"item_list":{"items":[{"name":"Ground Coffee 40 oz","currency":"USD","quantity":1,"price":"7.50"},{"name":"Granola bars","currency":"USD","quantity":5,"price":"2.00"}]},"description":"Payment description"}]}
PayPal\Core\PPHttpConnection: Adding header Content-Type: application/json
PayPal\Core\PPHttpConnection: Adding header User-Agent: PayPalSDK/rest-sdk-php 0.6.0 (lang=PHP;v=5.3.1;bit=32;os=Windows_NT_6.1;machine=i586;openssl=0.9.8l;curl=7.19.6)
PayPal\Core\PPHttpConnection: Adding header Authorization: Bearer 1vnRrlQcT-YR95tRguokjZNP5OrBQqpqcQmTU0hcYP8
PayPal\Core\PPHttpConnection: Adding header PayPal-Request-Id: 6452139592889522821
PayPal\Core\PPHttpConnection: Invalid or no certificate authority found - Retrying using bundled CA certs file
PayPal\Transport\PPRestCall: {"id":"PAY-1JP6191364626653DKM2C6TI","create_time":"2014-03-27T14:01:49Z","update_time":"2014-03-27T14:02:05Z","state":"approved","intent":"sale","payer":{"payment_method":"credit_card","funding_instruments":[{"credit_card":{"type":"visa","number":"xxxxxxxxxxxx0331","expire_month":"11","expire_year":"2019","first_name":"Joe","last_name":"Shopper"}}]},"transactions":[{"amount":{"total":"20.00","currency":"USD","details":{"subtotal":"17.50","tax":"1.30","shipping":"1.20"}},"description":"Payment description","item_list":{"items":[{"name":"Ground Coffee 40 oz","price":"7.50","currency":"USD","quantity":"1"},{"name":"Granola bars","price":"2.00","currency":"USD","quantity":"5"}]},"related_resources":[{"sale":{"id":"3HJ91878GY7192445","create_time":"2014-03-27T14:01:49Z","update_time":"2014-03-27T14:02:05Z","state":"completed","amount":{"total":"20.00","currency":"USD"},"parent_payment":"PAY-1JP6191364626653DKM2C6TI","links":[{"href":"https://api.sandbox.paypal.com/v1/payments/sale/3HJ91878GY7192445","rel":"self","method":"GET"},{"href":"https://api.sandbox.paypal.com/v1/payments/sale/3HJ91878GY7192445/refund","rel":"refund","method":"POST"},{"href":"https://api.sandbox.paypal.com/v1/payments/payment/PAY-1JP6191364626653DKM2C6TI","rel":"parent_payment","method":"GET"}]}}]}],"links":[{"href":"https://api.sandbox.paypal.com/v1/payments/payment/PAY-1JP6191364626653DKM2C6TI","rel":"self","method":"GET"}]}
PayPal\Core\PPHttpConnection: Connecting to https://api.sandbox.paypal.com/v1/oauth2/token
PayPal\Core\PPHttpConnection: Payload grant_type=client_credentials
PayPal\Core\PPHttpConnection: Adding header User-Agent: PayPalSDK/rest-sdk-php 0.6.0 (lang=PHP;v=5.3.1;bit=32;os=Windows_NT_6.1;machine=i586;openssl=0.9.8l;curl=7.19.6)
PayPal\Core\PPHttpConnection: Adding header Authorization: Basic QWVfVlB4QkhmX3lGWFp5T1lybUVIeGs2amdOM0ljSTZFUVl1bU1nVkotTWtxNHZ6TklsY2JWYnptZzJBOkVFcHRfUkFuSjg3V1J4dWdHejZIMzBCcUg1RVotQXE1eHdLRnlXQkJhU3U3QXlYWmJnWUlPWnJFTVd1cw==
PayPal\Core\PPHttpConnection: Adding header Accept: */*
PayPal\Core\PPHttpConnection: Invalid or no certificate authority found - Retrying using bundled CA certs file
PayPal\Core\PPHttpConnection: Connecting to https://api.sandbox.paypal.com/v1/payments/payment
PayPal\Core\PPHttpConnection: Payload {"intent":"sale","payer":{"payment_method":"credit_card","funding_instruments":[{"credit_card":{"type":"visa","number":"4417119669820331","expire_month":"11","expire_year":"2019","cvv2":"012","first_name":"Joe","last_name":"Shopper"}}]},"transactions":[{"amount":{"currency":"USD","total":"20.00","details":{"shipping":"1.20","tax":"1.30","subtotal":"17.50"}},"item_list":{"items":[{"name":"Ground Coffee 40 oz","currency":"USD","quantity":1,"price":"7.50"},{"name":"Granola bars","currency":"USD","quantity":5,"price":"2.00"}]},"description":"Payment description"}]}
PayPal\Core\PPHttpConnection: Adding header Content-Type: application/json
PayPal\Core\PPHttpConnection: Adding header User-Agent: PayPalSDK/rest-sdk-php 0.6.0 (lang=PHP;v=5.3.1;bit=32;os=Windows_NT_6.1;machine=i586;openssl=0.9.8l;curl=7.19.6)
PayPal\Core\PPHttpConnection: Adding header Authorization: Bearer wWizPSjPEYdWfY5HrgzW4E2wun1v3diMWCqs8F-8PcE
PayPal\Core\PPHttpConnection: Adding header PayPal-Request-Id: 6452139592919663065
PayPal\Core\PPHttpConnection: Invalid or no certificate authority found - Retrying using bundled CA certs file
PayPal\Transport\PPRestCall: {"id":"PAY-7E64076160810180RKM2DA6Y","create_time":"2014-03-27T14:06:51Z","update_time":"2014-03-27T14:07:06Z","state":"pending","intent":"sale","payer":{"payment_method":"credit_card","funding_instruments":[{"credit_card":{"type":"visa","number":"xxxxxxxxxxxx0331","expire_month":"11","expire_year":"2019","first_name":"Joe","last_name":"Shopper"}}]},"transactions":[{"amount":{"total":"20.00","currency":"USD","details":{"subtotal":"17.50","tax":"1.30","shipping":"1.20"}},"description":"Payment description","item_list":{"items":[{"name":"Ground Coffee 40 oz","price":"7.50","currency":"USD","quantity":"1"},{"name":"Granola bars","price":"2.00","currency":"USD","quantity":"5"}]},"related_resources":[{"sale":{"id":"0W570497FR243942C","create_time":"2014-03-27T14:06:51Z","update_time":"2014-03-27T14:07:06Z","state":"pending","amount":{"total":"20.00","currency":"USD"},"pending_reason":"paymentreview","parent_payment":"PAY-7E64076160810180RKM2DA6Y","links":[{"href":"https://api.sandbox.paypal.com/v1/payments/sale/0W570497FR243942C","rel":"self","method":"GET"},{"href":"https://api.sandbox.paypal.com/v1/payments/sale/0W570497FR243942C/refund","rel":"refund","method":"POST"},{"href":"https://api.sandbox.paypal.com/v1/payments/payment/PAY-7E64076160810180RKM2DA6Y","rel":"parent_payment","method":"GET"}]}}]}],"links":[{"href":"https://api.sandbox.paypal.com/v1/payments/payment/PAY-7E64076160810180RKM2DA6Y","rel":"self","method":"GET"}]}
PayPal\Core\PPHttpConnection: Connecting to https://api.sandbox.paypal.com/v1/oauth2/token
PayPal\Core\PPHttpConnection: Payload grant_type=client_credentials
PayPal\Core\PPHttpConnection: Adding header User-Agent: PayPalSDK/rest-sdk-php 0.6.0 (lang=PHP;v=5.3.1;bit=32;os=Windows_NT_5.1;machine=i586;openssl=0.9.8l;curl=7.19.6)
PayPal\Core\PPHttpConnection: Adding header Authorization: Basic QWVfVlB4QkhmX3lGWFp5T1lybUVIeGs2amdOM0ljSTZFUVl1bU1nVkotTWtxNHZ6TklsY2JWYnptZzJBOkVFcHRfUkFuSjg3V1J4dWdHejZIMzBCcUg1RVotQXE1eHdLRnlXQkJhU3U3QXlYWmJnWUlPWnJFTVd1cw==
PayPal\Core\PPHttpConnection: Adding header Accept: */*
PayPal\Core\PPHttpConnection: Invalid or no certificate authority found - Retrying using bundled CA certs file
PayPal\Core\PPHttpConnection: Connecting to https://api.sandbox.paypal.com/v1/payments/payment
PayPal\Core\PPHttpConnection: Payload {"intent":"sale","payer":{"payment_method":"credit_card","funding_instruments":[{"credit_card":{"type":"visa","number":"4417119669820331","expire_month":"11","expire_year":"2019","cvv2":"012","first_name":"Joe","last_name":"Shopper"}}]},"transactions":[{"amount":{"currency":"USD","total":"20.00","details":{"shipping":"1.20","tax":"1.30","subtotal":"17.50"}},"item_list":{"items":[{"name":"Ground Coffee 40 oz","currency":"USD","quantity":1,"price":"7.50"},{"name":"Granola bars","currency":"USD","quantity":5,"price":"2.00"}]},"description":"Payment description"}]}
PayPal\Core\PPHttpConnection: Adding header Content-Type: application/json
PayPal\Core\PPHttpConnection: Adding header User-Agent: PayPalSDK/rest-sdk-php 0.6.0 (lang=PHP;v=5.3.1;bit=32;os=Windows_NT_5.1;machine=i586;openssl=0.9.8l;curl=7.19.6)
PayPal\Core\PPHttpConnection: Adding header Authorization: Bearer v-3grjJga-3vVOM882se84gmVgutsHfNN56CZwiS880
PayPal\Core\PPHttpConnection: Adding header PayPal-Request-Id: -10627316532140139593019439858
PayPal\Core\PPHttpConnection: Invalid or no certificate authority found - Retrying using bundled CA certs file
PayPal\Transport\PPRestCall: {"id":"PAY-75E203606F353501WKM2DI3Q","create_time":"2014-03-27T14:23:42Z","update_time":"2014-03-27T14:23:58Z","state":"pending","intent":"sale","payer":{"payment_method":"credit_card","funding_instruments":[{"credit_card":{"type":"visa","number":"xxxxxxxxxxxx0331","expire_month":"11","expire_year":"2019","first_name":"Joe","last_name":"Shopper"}}]},"transactions":[{"amount":{"total":"20.00","currency":"USD","details":{"subtotal":"17.50","tax":"1.30","shipping":"1.20"}},"description":"Payment description","item_list":{"items":[{"name":"Ground Coffee 40 oz","price":"7.50","currency":"USD","quantity":"1"},{"name":"Granola bars","price":"2.00","currency":"USD","quantity":"5"}]},"related_resources":[{"sale":{"id":"8BK22750GC5152456","create_time":"2014-03-27T14:23:42Z","update_time":"2014-03-27T14:23:58Z","state":"pending","amount":{"total":"20.00","currency":"USD"},"pending_reason":"paymentreview","parent_payment":"PAY-75E203606F353501WKM2DI3Q","links":[{"href":"https://api.sandbox.paypal.com/v1/payments/sale/8BK22750GC5152456","rel":"self","method":"GET"},{"href":"https://api.sandbox.paypal.com/v1/payments/sale/8BK22750GC5152456/refund","rel":"refund","method":"POST"},{"href":"https://api.sandbox.paypal.com/v1/payments/payment/PAY-75E203606F353501WKM2DI3Q","rel":"parent_payment","method":"GET"}]}}]}],"links":[{"href":"https://api.sandbox.paypal.com/v1/payments/payment/PAY-75E203606F353501WKM2DI3Q","rel":"self","method":"GET"}]}
PayPal\Core\PPHttpConnection: Connecting to https://api.sandbox.paypal.com/v1/oauth2/token
PayPal\Core\PPHttpConnection: Payload grant_type=client_credentials
PayPal\Core\PPHttpConnection: Adding header User-Agent: PayPalSDK/rest-sdk-php 0.6.0 (lang=PHP;v=5.3.1;bit=32;os=Windows_NT_5.1;machine=i586;openssl=0.9.8l;curl=7.19.6)
PayPal\Core\PPHttpConnection: Adding header Authorization: Basic QWVfVlB4QkhmX3lGWFp5T1lybUVIeGs2amdOM0ljSTZFUVl1bU1nVkotTWtxNHZ6TklsY2JWYnptZzJBOkVFcHRfUkFuSjg3V1J4dWdHejZIMzBCcUg1RVotQXE1eHdLRnlXQkJhU3U3QXlYWmJnWUlPWnJFTVd1cw==
PayPal\Core\PPHttpConnection: Adding header Accept: */*
PayPal\Core\PPHttpConnection: Invalid or no certificate authority found - Retrying using bundled CA certs file
PayPal\Core\PPHttpConnection: Connecting to https://api.sandbox.paypal.com/v1/payments/payment
PayPal\Core\PPHttpConnection: Payload {"intent":"sale","payer":{"payment_method":"credit_card","funding_instruments":[{"credit_card":{"type":"visa","number":"4417119669820331","expire_month":"11","expire_year":"2019","cvv2":"012","first_name":"Joe","last_name":"Shopper"}}]},"transactions":[{"amount":{"currency":"USD","total":"20.00","details":{"shipping":"1.20","tax":"1.30","subtotal":"17.50"}},"item_list":{"items":[{"name":"Ground Coffee 40 oz","currency":"USD","quantity":1,"price":"7.50"},{"name":"Granola bars","currency":"USD","quantity":5,"price":"2.00"}]},"description":"Payment description"}]}
PayPal\Core\PPHttpConnection: Adding header Content-Type: application/json
PayPal\Core\PPHttpConnection: Adding header User-Agent: PayPalSDK/rest-sdk-php 0.6.0 (lang=PHP;v=5.3.1;bit=32;os=Windows_NT_5.1;machine=i586;openssl=0.9.8l;curl=7.19.6)
PayPal\Core\PPHttpConnection: Adding header Authorization: Bearer -N5aeb19sUYVZBV6Qqos0MhFZ3rm8YkwxXqvjbFmoZM
PayPal\Core\PPHttpConnection: Adding header PayPal-Request-Id: -10627316532140139593089744941
PayPal\Core\PPHttpConnection: Invalid or no certificate authority found - Retrying using bundled CA certs file
PayPal\Transport\PPRestCall: {"id":"PAY-90N39343N5796991EKM2DOLI","create_time":"2014-03-27T14:35:25Z","update_time":"2014-03-27T14:35:41Z","state":"pending","intent":"sale","payer":{"payment_method":"credit_card","funding_instruments":[{"credit_card":{"type":"visa","number":"xxxxxxxxxxxx0331","expire_month":"11","expire_year":"2019","first_name":"Joe","last_name":"Shopper"}}]},"transactions":[{"amount":{"total":"20.00","currency":"USD","details":{"subtotal":"17.50","tax":"1.30","shipping":"1.20"}},"description":"Payment description","item_list":{"items":[{"name":"Ground Coffee 40 oz","price":"7.50","currency":"USD","quantity":"1"},{"name":"Granola bars","price":"2.00","currency":"USD","quantity":"5"}]},"related_resources":[{"sale":{"id":"85T66613NF268412L","create_time":"2014-03-27T14:35:25Z","update_time":"2014-03-27T14:35:41Z","state":"pending","amount":{"total":"20.00","currency":"USD"},"pending_reason":"paymentreview","parent_payment":"PAY-90N39343N5796991EKM2DOLI","links":[{"href":"https://api.sandbox.paypal.com/v1/payments/sale/85T66613NF268412L","rel":"self","method":"GET"},{"href":"https://api.sandbox.paypal.com/v1/payments/sale/85T66613NF268412L/refund","rel":"refund","method":"POST"},{"href":"https://api.sandbox.paypal.com/v1/payments/payment/PAY-90N39343N5796991EKM2DOLI","rel":"parent_payment","method":"GET"}]}}]}],"links":[{"href":"https://api.sandbox.paypal.com/v1/payments/payment/PAY-90N39343N5796991EKM2DOLI","rel":"self","method":"GET"}]}
PayPal\Core\PPHttpConnection: Connecting to https://api.sandbox.paypal.com/v1/oauth2/token
PayPal\Core\PPHttpConnection: Payload grant_type=client_credentials
PayPal\Core\PPHttpConnection: Adding header User-Agent: PayPalSDK/rest-sdk-php 0.6.0 (lang=PHP;v=5.3.1;bit=32;os=Windows_NT_5.1;machine=i586;openssl=0.9.8l;curl=7.19.6)
PayPal\Core\PPHttpConnection: Adding header Authorization: Basic QWVfVlB4QkhmX3lGWFp5T1lybUVIeGs2amdOM0ljSTZFUVl1bU1nVkotTWtxNHZ6TklsY2JWYnptZzJBOkVFcHRfUkFuSjg3V1J4dWdHejZIMzBCcUg1RVotQXE1eHdLRnlXQkJhU3U3QXlYWmJnWUlPWnJFTVd1cw==
PayPal\Core\PPHttpConnection: Adding header Accept: */*
PayPal\Core\PPHttpConnection: Invalid or no certificate authority found - Retrying using bundled CA certs file
PayPal\Core\PPHttpConnection: Connecting to https://api.sandbox.paypal.com/v1/payments/payment
PayPal\Core\PPHttpConnection: Payload {"intent":"sale","payer":{"payment_method":"credit_card","funding_instruments":[{"credit_card":{"type":"visa","number":"4417119669820331","expire_month":"11","expire_year":"2019","cvv2":"012","first_name":"Joe","last_name":"Shopper"}}]},"transactions":[{"amount":{"currency":"USD","total":"20.00","details":{"shipping":"1.20","tax":"1.30","subtotal":"17.50"}},"item_list":{"items":[{"name":"Ground Coffee 40 oz","currency":"USD","quantity":1,"price":"7.50"},{"name":"Granola bars","currency":"USD","quantity":5,"price":"2.00"}]},"description":"Payment description"}]}
PayPal\Core\PPHttpConnection: Adding header Content-Type: application/json
PayPal\Core\PPHttpConnection: Adding header User-Agent: PayPalSDK/rest-sdk-php 0.6.0 (lang=PHP;v=5.3.1;bit=32;os=Windows_NT_5.1;machine=i586;openssl=0.9.8l;curl=7.19.6)
PayPal\Core\PPHttpConnection: Adding header Authorization: Bearer OitFiS6vj.P6twQH.Qy5ahqXAnprBNRPUo-vT7584Iw
PayPal\Core\PPHttpConnection: Adding header PayPal-Request-Id: 21307064332140139593113662424
PayPal\Core\PPHttpConnection: Invalid or no certificate authority found - Retrying using bundled CA certs file
PayPal\Transport\PPRestCall: {"id":"PAY-90J93358HF950422CKM2DQHA","create_time":"2014-03-27T14:39:24Z","update_time":"2014-03-27T14:39:39Z","state":"pending","intent":"sale","payer":{"payment_method":"credit_card","funding_instruments":[{"credit_card":{"type":"visa","number":"xxxxxxxxxxxx0331","expire_month":"11","expire_year":"2019","first_name":"Joe","last_name":"Shopper"}}]},"transactions":[{"amount":{"total":"20.00","currency":"USD","details":{"subtotal":"17.50","tax":"1.30","shipping":"1.20"}},"description":"Payment description","item_list":{"items":[{"name":"Ground Coffee 40 oz","price":"7.50","currency":"USD","quantity":"1"},{"name":"Granola bars","price":"2.00","currency":"USD","quantity":"5"}]},"related_resources":[{"sale":{"id":"6VF12884HW870330V","create_time":"2014-03-27T14:39:24Z","update_time":"2014-03-27T14:39:39Z","state":"pending","amount":{"total":"20.00","currency":"USD"},"pending_reason":"paymentreview","parent_payment":"PAY-90J93358HF950422CKM2DQHA","links":[{"href":"https://api.sandbox.paypal.com/v1/payments/sale/6VF12884HW870330V","rel":"self","method":"GET"},{"href":"https://api.sandbox.paypal.com/v1/payments/sale/6VF12884HW870330V/refund","rel":"refund","method":"POST"},{"href":"https://api.sandbox.paypal.com/v1/payments/payment/PAY-90J93358HF950422CKM2DQHA","rel":"parent_payment","method":"GET"}]}}]}],"links":[{"href":"https://api.sandbox.paypal.com/v1/payments/payment/PAY-90J93358HF950422CKM2DQHA","rel":"self","method":"GET"}]}
PayPal\Core\PPHttpConnection: Connecting to https://api.sandbox.paypal.com/v1/oauth2/token
PayPal\Core\PPHttpConnection: Payload grant_type=client_credentials
PayPal\Core\PPHttpConnection: Adding header User-Agent: PayPalSDK/rest-sdk-php 0.6.0 (lang=PHP;v=5.3.1;bit=32;os=Windows_NT_5.1;machine=i586;openssl=0.9.8l;curl=7.19.6)
PayPal\Core\PPHttpConnection: Adding header Authorization: Basic QWVfVlB4QkhmX3lGWFp5T1lybUVIeGs2amdOM0ljSTZFUVl1bU1nVkotTWtxNHZ6TklsY2JWYnptZzJBOkVFcHRfUkFuSjg3V1J4dWdHejZIMzBCcUg1RVotQXE1eHdLRnlXQkJhU3U3QXlYWmJnWUlPWnJFTVd1cw==
PayPal\Core\PPHttpConnection: Adding header Accept: */*
PayPal\Core\PPHttpConnection: Invalid or no certificate authority found - Retrying using bundled CA certs file
PayPal\Core\PPHttpConnection: Connecting to https://api.sandbox.paypal.com/v1/payments/payment
PayPal\Core\PPHttpConnection: Payload {"intent":"authorize","payer":{"payment_method":"credit_card","funding_instruments":[{"credit_card":{"type":"visa","number":"4417119669820331","expire_month":"11","expire_year":"2019","cvv2":"012","first_name":"Joe","last_name":"Shopper","billing_address":{"line1":"3909 Witmer Road","line2":"Niagara Falls","city":"Niagara Falls","state":"NY","postal_code":"14305","country_code":"US","phone":"716-298-1822"}}}]},"transactions":[{"amount":{"currency":"USD","total":"1.00"},"description":"Payment description."}]}
PayPal\Core\PPHttpConnection: Adding header Content-Type: application/json
PayPal\Core\PPHttpConnection: Adding header User-Agent: PayPalSDK/rest-sdk-php 0.6.0 (lang=PHP;v=5.3.1;bit=32;os=Windows_NT_5.1;machine=i586;openssl=0.9.8l;curl=7.19.6)
PayPal\Core\PPHttpConnection: Adding header Authorization: Bearer jb9VdAxVu8rUx8LIQ-uxfjDyPRLTtYYtx.RPIL2-kM4
PayPal\Core\PPHttpConnection: Adding header PayPal-Request-Id: 213070643321401395931240962
PayPal\Core\PPHttpConnection: Invalid or no certificate authority found - Retrying using bundled CA certs file
PayPal\Transport\PPRestCall: {"id":"PAY-94T60584R6264624AKM2DRDA","create_time":"2014-03-27T14:41:16Z","update_time":"2014-03-27T14:41:30Z","state":"approved","intent":"authorize","payer":{"payment_method":"credit_card","funding_instruments":[{"credit_card":{"type":"visa","number":"xxxxxxxxxxxx0331","expire_month":"11","expire_year":"2019","first_name":"Joe","last_name":"Shopper","billing_address":{"line1":"3909 Witmer Road","line2":"Niagara Falls","city":"Niagara Falls","state":"NY","postal_code":"14305","country_code":"US","phone":"716-298-1822"}}}]},"transactions":[{"amount":{"total":"1.00","currency":"USD","details":{"subtotal":"1.00"}},"description":"Payment description.","related_resources":[{"authorization":{"id":"28B84141ML009201B","create_time":"2014-03-27T14:41:16Z","update_time":"2014-03-27T14:41:30Z","state":"authorized","amount":{"total":"1.00","currency":"USD","details":{"subtotal":"1.00"}},"parent_payment":"PAY-94T60584R6264624AKM2DRDA","valid_until":"2014-04-25T14:41:16Z","links":[{"href":"https://api.sandbox.paypal.com/v1/payments/authorization/28B84141ML009201B","rel":"self","method":"GET"},{"href":"https://api.sandbox.paypal.com/v1/payments/authorization/28B84141ML009201B/capture","rel":"capture","method":"POST"},{"href":"https://api.sandbox.paypal.com/v1/payments/authorization/28B84141ML009201B/void","rel":"void","method":"POST"},{"href":"https://api.sandbox.paypal.com/v1/payments/payment/PAY-94T60584R6264624AKM2DRDA","rel":"parent_payment","method":"GET"}]}}]}],"links":[{"href":"https://api.sandbox.paypal.com/v1/payments/payment/PAY-94T60584R6264624AKM2DRDA","rel":"self","method":"GET"}]}
PayPal\Core\PPHttpConnection: Connecting to https://api.sandbox.paypal.com/v1/payments/authorization/28B84141ML009201B
PayPal\Core\PPHttpConnection: Payload 
PayPal\Core\PPHttpConnection: Adding header Content-Type: application/json
PayPal\Core\PPHttpConnection: Adding header User-Agent: PayPalSDK/rest-sdk-php 0.6.0 (lang=PHP;v=5.3.1;bit=32;os=Windows_NT_5.1;machine=i586;openssl=0.9.8l;curl=7.19.6)
PayPal\Core\PPHttpConnection: Adding header Authorization: Bearer jb9VdAxVu8rUx8LIQ-uxfjDyPRLTtYYtx.RPIL2-kM4
PayPal\Core\PPHttpConnection: Invalid or no certificate authority found - Retrying using bundled CA certs file
PayPal\Transport\PPRestCall: {"id":"28B84141ML009201B","create_time":"2014-03-27T14:41:16Z","update_time":"2014-03-27T14:41:30Z","state":"authorized","amount":{"total":"1.00","currency":"USD","details":{"subtotal":"1.00"}},"parent_payment":"PAY-94T60584R6264624AKM2DRDA","valid_until":"2014-04-25T14:41:16Z","links":[{"href":"https://api.sandbox.paypal.com/v1/payments/authorization/28B84141ML009201B","rel":"self","method":"GET"},{"href":"https://api.sandbox.paypal.com/v1/payments/authorization/28B84141ML009201B/capture","rel":"capture","method":"POST"},{"href":"https://api.sandbox.paypal.com/v1/payments/authorization/28B84141ML009201B/void","rel":"void","method":"POST"},{"href":"https://api.sandbox.paypal.com/v1/payments/payment/PAY-94T60584R6264624AKM2DRDA","rel":"parent_payment","method":"GET"}]}
PayPal\Core\PPHttpConnection: Connecting to https://api.sandbox.paypal.com/v1/payments/authorization/28B84141ML009201B/capture
PayPal\Core\PPHttpConnection: Payload {"id":"28B84141ML009201B","amount":{"currency":"USD","total":"1.00"}}
PayPal\Core\PPHttpConnection: Adding header Content-Type: application/json
PayPal\Core\PPHttpConnection: Adding header User-Agent: PayPalSDK/rest-sdk-php 0.6.0 (lang=PHP;v=5.3.1;bit=32;os=Windows_NT_5.1;machine=i586;openssl=0.9.8l;curl=7.19.6)
PayPal\Core\PPHttpConnection: Adding header Authorization: Bearer jb9VdAxVu8rUx8LIQ-uxfjDyPRLTtYYtx.RPIL2-kM4
PayPal\Core\PPHttpConnection: Adding header PayPal-Request-Id: 213070643321401395931240962
PayPal\Core\PPHttpConnection: Invalid or no certificate authority found - Retrying using bundled CA certs file
PayPal\Transport\PPRestCall: {"id":"9RC37534F43291806","create_time":"2014-03-27T14:41:37Z","update_time":"2014-03-27T14:41:51Z","amount":{"total":"1.00","currency":"USD"},"is_final_capture":false,"state":"pending","parent_payment":"PAY-94T60584R6264624AKM2DRDA","links":[{"href":"https://api.sandbox.paypal.com/v1/payments/capture/9RC37534F43291806","rel":"self","method":"GET"},{"href":"https://api.sandbox.paypal.com/v1/payments/capture/9RC37534F43291806/refund","rel":"refund","method":"POST"},{"href":"https://api.sandbox.paypal.com/v1/payments/authorization/28B84141ML009201B","rel":"authorization","method":"GET"},{"href":"https://api.sandbox.paypal.com/v1/payments/payment/PAY-94T60584R6264624AKM2DRDA","rel":"parent_payment","method":"GET"}]}
PayPal\Core\PPHttpConnection: Connecting to https://api.sandbox.paypal.com/v1/oauth2/token
PayPal\Core\PPHttpConnection: Payload grant_type=client_credentials
PayPal\Core\PPHttpConnection: Adding header User-Agent: PayPalSDK/rest-sdk-php 0.6.0 (lang=PHP;v=5.3.1;bit=32;os=Windows_NT_5.1;machine=i586;openssl=0.9.8l;curl=7.19.6)
PayPal\Core\PPHttpConnection: Adding header Authorization: Basic QWY3MDh4Q05qd2FFLXZ3WHZzMGdaTV9wcWEweTJhbVFKVlI0UmVpM093SWhCODVONXp6X0ZkUUdxaWoyOkVIRGk3UkI2UkFXeU5VQjdhaEhKbzN4aVhEWWtnOHhUV01LTUN1ODlRSkxTVVFpQXE1OXowYWZOOXZmOQ==
PayPal\Core\PPHttpConnection: Adding header Accept: */*
PayPal\Core\PPHttpConnection: Invalid or no certificate authority found - Retrying using bundled CA certs file
PayPal\Core\PPHttpConnection: Connecting to https://api.sandbox.paypal.com/v1/payments/payment
PayPal\Core\PPHttpConnection: Payload {"intent":"authorize","payer":{"payment_method":"credit_card","funding_instruments":[{"credit_card":{"type":"visa","number":"4417119669820331","expire_month":"11","expire_year":"2019","cvv2":"012","first_name":"Joe","last_name":"Shopper","billing_address":{"line1":"3909 Witmer Road","line2":"Niagara Falls","city":"Niagara Falls","state":"NY","postal_code":"14305","country_code":"US","phone":"716-298-1822"}}}]},"transactions":[{"amount":{"currency":"USD","total":"1.00"},"description":"Payment description."}]}
PayPal\Core\PPHttpConnection: Adding header Content-Type: application/json
PayPal\Core\PPHttpConnection: Adding header User-Agent: PayPalSDK/rest-sdk-php 0.6.0 (lang=PHP;v=5.3.1;bit=32;os=Windows_NT_5.1;machine=i586;openssl=0.9.8l;curl=7.19.6)
PayPal\Core\PPHttpConnection: Adding header Authorization: Bearer Mm9SQxpwdcclJvuXC6SC5QLIC0JY8njDJeZExc4igmI
PayPal\Core\PPHttpConnection: Adding header PayPal-Request-Id: 21307064332140139593154324148
PayPal\Core\PPHttpConnection: Invalid or no certificate authority found - Retrying using bundled CA certs file
PayPal\Transport\PPRestCall: {"id":"PAY-42263401MX232040LKM2DTMQ","create_time":"2014-03-27T14:46:10Z","update_time":"2014-03-27T14:46:25Z","state":"approved","intent":"authorize","payer":{"payment_method":"credit_card","funding_instruments":[{"credit_card":{"type":"visa","number":"xxxxxxxxxxxx0331","expire_month":"11","expire_year":"2019","first_name":"Joe","last_name":"Shopper","billing_address":{"line1":"3909 Witmer Road","line2":"Niagara Falls","city":"Niagara Falls","state":"NY","postal_code":"14305","country_code":"US","phone":"716-298-1822"}}}]},"transactions":[{"amount":{"total":"1.00","currency":"USD","details":{"subtotal":"1.00"}},"description":"Payment description.","related_resources":[{"authorization":{"id":"8TH18391DV575415P","create_time":"2014-03-27T14:46:10Z","update_time":"2014-03-27T14:46:25Z","state":"authorized","amount":{"total":"1.00","currency":"USD","details":{"subtotal":"1.00"}},"parent_payment":"PAY-42263401MX232040LKM2DTMQ","valid_until":"2014-04-25T14:46:10Z","links":[{"href":"https://api.sandbox.paypal.com/v1/payments/authorization/8TH18391DV575415P","rel":"self","method":"GET"},{"href":"https://api.sandbox.paypal.com/v1/payments/authorization/8TH18391DV575415P/capture","rel":"capture","method":"POST"},{"href":"https://api.sandbox.paypal.com/v1/payments/authorization/8TH18391DV575415P/void","rel":"void","method":"POST"},{"href":"https://api.sandbox.paypal.com/v1/payments/payment/PAY-42263401MX232040LKM2DTMQ","rel":"parent_payment","method":"GET"}]}}]}],"links":[{"href":"https://api.sandbox.paypal.com/v1/payments/payment/PAY-42263401MX232040LKM2DTMQ","rel":"self","method":"GET"}]}
PayPal\Core\PPHttpConnection: Connecting to https://api.sandbox.paypal.com/v1/payments/authorization/8TH18391DV575415P
PayPal\Core\PPHttpConnection: Payload 
PayPal\Core\PPHttpConnection: Adding header Content-Type: application/json
PayPal\Core\PPHttpConnection: Adding header User-Agent: PayPalSDK/rest-sdk-php 0.6.0 (lang=PHP;v=5.3.1;bit=32;os=Windows_NT_5.1;machine=i586;openssl=0.9.8l;curl=7.19.6)
PayPal\Core\PPHttpConnection: Adding header Authorization: Bearer Mm9SQxpwdcclJvuXC6SC5QLIC0JY8njDJeZExc4igmI
PayPal\Core\PPHttpConnection: Invalid or no certificate authority found - Retrying using bundled CA certs file
PayPal\Transport\PPRestCall: {"id":"8TH18391DV575415P","create_time":"2014-03-27T14:46:10Z","update_time":"2014-03-27T14:46:25Z","state":"authorized","amount":{"total":"1.00","currency":"USD","details":{"subtotal":"1.00"}},"parent_payment":"PAY-42263401MX232040LKM2DTMQ","valid_until":"2014-04-25T14:46:10Z","links":[{"href":"https://api.sandbox.paypal.com/v1/payments/authorization/8TH18391DV575415P","rel":"self","method":"GET"},{"href":"https://api.sandbox.paypal.com/v1/payments/authorization/8TH18391DV575415P/capture","rel":"capture","method":"POST"},{"href":"https://api.sandbox.paypal.com/v1/payments/authorization/8TH18391DV575415P/void","rel":"void","method":"POST"},{"href":"https://api.sandbox.paypal.com/v1/payments/payment/PAY-42263401MX232040LKM2DTMQ","rel":"parent_payment","method":"GET"}]}
PayPal\Core\PPHttpConnection: Connecting to https://api.sandbox.paypal.com/v1/payments/authorization/8TH18391DV575415P/capture
PayPal\Core\PPHttpConnection: Payload {"id":"8TH18391DV575415P","amount":{"currency":"USD","total":"1.00"}}
PayPal\Core\PPHttpConnection: Adding header Content-Type: application/json
PayPal\Core\PPHttpConnection: Adding header User-Agent: PayPalSDK/rest-sdk-php 0.6.0 (lang=PHP;v=5.3.1;bit=32;os=Windows_NT_5.1;machine=i586;openssl=0.9.8l;curl=7.19.6)
PayPal\Core\PPHttpConnection: Adding header Authorization: Bearer Mm9SQxpwdcclJvuXC6SC5QLIC0JY8njDJeZExc4igmI
PayPal\Core\PPHttpConnection: Adding header PayPal-Request-Id: 21307064332140139593154324148
PayPal\Core\PPHttpConnection: Invalid or no certificate authority found - Retrying using bundled CA certs file
PayPal\Transport\PPRestCall: {"id":"9MG49732AX880020C","create_time":"2014-03-27T14:46:30Z","update_time":"2014-03-27T14:46:44Z","amount":{"total":"1.00","currency":"USD"},"is_final_capture":false,"state":"pending","parent_payment":"PAY-42263401MX232040LKM2DTMQ","links":[{"href":"https://api.sandbox.paypal.com/v1/payments/capture/9MG49732AX880020C","rel":"self","method":"GET"},{"href":"https://api.sandbox.paypal.com/v1/payments/capture/9MG49732AX880020C/refund","rel":"refund","method":"POST"},{"href":"https://api.sandbox.paypal.com/v1/payments/authorization/8TH18391DV575415P","rel":"authorization","method":"GET"},{"href":"https://api.sandbox.paypal.com/v1/payments/payment/PAY-42263401MX232040LKM2DTMQ","rel":"parent_payment","method":"GET"}]}
PayPal\Core\PPHttpConnection: Connecting to https://api.sandbox.paypal.com/v1/oauth2/token
PayPal\Core\PPHttpConnection: Payload grant_type=client_credentials
PayPal\Core\PPHttpConnection: Adding header User-Agent: PayPalSDK/rest-sdk-php 0.6.0 (lang=PHP;v=5.3.1;bit=32;os=Windows_NT_5.1;machine=i586;openssl=0.9.8l;curl=7.19.6)
PayPal\Core\PPHttpConnection: Adding header Authorization: Basic QWY3MDh4Q05qd2FFLXZ3WHZzMGdaTV9wcWEweTJhbVFKVlI0UmVpM093SWhCODVONXp6X0ZkUUdxaWoyOkVIRGk3UkI2UkFXeU5VQjdhaEhKbzN4aVhEWWtnOHhUV01LTUN1ODlRSkxTVVFpQXE1OXowYWZOOXZmOQ==
PayPal\Core\PPHttpConnection: Adding header Accept: */*
PayPal\Core\PPHttpConnection: Invalid or no certificate authority found - Retrying using bundled CA certs file
PayPal\Core\PPHttpConnection: Connecting to https://api.sandbox.paypal.com/v1/payments/payment
PayPal\Core\PPHttpConnection: Payload {"intent":"sale","payer":{"payment_method":"credit_card","funding_instruments":[{"credit_card":{"type":"visa","number":"4417119669820331","expire_month":"11","expire_year":"2019","cvv2":"012","first_name":"Joe","last_name":"Shopper"}}]},"transactions":[{"amount":{"currency":"USD","total":"20.00","details":{"shipping":"1.20","tax":"1.30","subtotal":"17.50"}},"item_list":{"items":[{"name":"Ground Coffee 40 oz","currency":"USD","quantity":1,"price":"7.50"},{"name":"Granola bars","currency":"USD","quantity":5,"price":"2.00"}]},"description":"Payment description"}]}
PayPal\Core\PPHttpConnection: Adding header Content-Type: application/json
PayPal\Core\PPHttpConnection: Adding header User-Agent: PayPalSDK/rest-sdk-php 0.6.0 (lang=PHP;v=5.3.1;bit=32;os=Windows_NT_5.1;machine=i586;openssl=0.9.8l;curl=7.19.6)
PayPal\Core\PPHttpConnection: Adding header Authorization: Bearer n8V7qeewl3b8kV6aeYbrEIG.qiGZv4ALecKh..prbJ4
PayPal\Core\PPHttpConnection: Adding header PayPal-Request-Id: 2130706433214013959316731832
PayPal\Core\PPHttpConnection: Invalid or no certificate authority found - Retrying using bundled CA certs file
PayPal\Transport\PPRestCall: {"id":"PAY-2G502774NJ3498808KM2DUNI","create_time":"2014-03-27T14:48:21Z","update_time":"2014-03-27T14:48:36Z","state":"pending","intent":"sale","payer":{"payment_method":"credit_card","funding_instruments":[{"credit_card":{"type":"visa","number":"xxxxxxxxxxxx0331","expire_month":"11","expire_year":"2019","first_name":"Joe","last_name":"Shopper"}}]},"transactions":[{"amount":{"total":"20.00","currency":"USD","details":{"subtotal":"17.50","tax":"1.30","shipping":"1.20"}},"description":"Payment description","item_list":{"items":[{"name":"Ground Coffee 40 oz","price":"7.50","currency":"USD","quantity":"1"},{"name":"Granola bars","price":"2.00","currency":"USD","quantity":"5"}]},"related_resources":[{"sale":{"id":"69H43915YA057815H","create_time":"2014-03-27T14:48:21Z","update_time":"2014-03-27T14:48:36Z","state":"pending","amount":{"total":"20.00","currency":"USD"},"pending_reason":"paymentreview","parent_payment":"PAY-2G502774NJ3498808KM2DUNI","links":[{"href":"https://api.sandbox.paypal.com/v1/payments/sale/69H43915YA057815H","rel":"self","method":"GET"},{"href":"https://api.sandbox.paypal.com/v1/payments/sale/69H43915YA057815H/refund","rel":"refund","method":"POST"},{"href":"https://api.sandbox.paypal.com/v1/payments/payment/PAY-2G502774NJ3498808KM2DUNI","rel":"parent_payment","method":"GET"}]}}]}],"links":[{"href":"https://api.sandbox.paypal.com/v1/payments/payment/PAY-2G502774NJ3498808KM2DUNI","rel":"self","method":"GET"}]}
PayPal\Core\PPHttpConnection: Connecting to https://api.sandbox.paypal.com/v1/oauth2/token
PayPal\Core\PPHttpConnection: Payload grant_type=client_credentials
PayPal\Core\PPHttpConnection: Adding header User-Agent: PayPalSDK/rest-sdk-php 0.6.0 (lang=PHP;v=5.3.1;bit=32;os=Windows_NT_5.1;machine=i586;openssl=0.9.8l;curl=7.19.6)
PayPal\Core\PPHttpConnection: Adding header Authorization: Basic QWY3MDh4Q05qd2FFLXZ3WHZzMGdaTV9wcWEweTJhbVFKVlI0UmVpM093SWhCODVONXp6X0ZkUUdxaWoyOkVIRGk3UkI2UkFXeU5VQjdhaEhKbzN4aVhEWWtnOHhUV01LTUN1ODlRSkxTVVFpQXE1OXowYWZOOXZmOQ==
PayPal\Core\PPHttpConnection: Adding header Accept: */*
PayPal\Core\PPHttpConnection: Invalid or no certificate authority found - Retrying using bundled CA certs file
PayPal\Core\PPHttpConnection: Connecting to https://api.sandbox.paypal.com/v1/payments/payment
PayPal\Core\PPHttpConnection: Payload {"intent":"sale","payer":{"payment_method":"credit_card","funding_instruments":[{"credit_card":{"type":"visa","number":"4417119669820331","expire_month":"11","expire_year":"2019","cvv2":"012","first_name":"Joe","last_name":"Shopper"}}]},"transactions":[{"amount":{"currency":"USD","total":"20.00","details":{"shipping":"1.20","tax":"1.30","subtotal":"17.50"}},"item_list":{"items":[{"name":"Ground Coffee 40 oz","currency":"USD","quantity":1,"price":"7.50"},{"name":"Granola bars","currency":"USD","quantity":5,"price":"2.00"}]},"description":"Payment description"}]}
PayPal\Core\PPHttpConnection: Adding header Content-Type: application/json
PayPal\Core\PPHttpConnection: Adding header User-Agent: PayPalSDK/rest-sdk-php 0.6.0 (lang=PHP;v=5.3.1;bit=32;os=Windows_NT_5.1;machine=i586;openssl=0.9.8l;curl=7.19.6)
PayPal\Core\PPHttpConnection: Adding header Authorization: Bearer bXpYEiM5Z9z6d2R1qCYxX55--l2biqjjP3JaAowu.0s
PayPal\Core\PPHttpConnection: Adding header PayPal-Request-Id: 21307064332396139598310946117
PayPal\Core\PPHttpConnection: Invalid or no certificate authority found - Retrying using bundled CA certs file
PayPal\Transport\PPRestCall: {"id":"PAY-57154292HK086253RKM2QGII","create_time":"2014-03-28T05:05:37Z","update_time":"2014-03-28T05:05:53Z","state":"pending","intent":"sale","payer":{"payment_method":"credit_card","funding_instruments":[{"credit_card":{"type":"visa","number":"xxxxxxxxxxxx0331","expire_month":"11","expire_year":"2019","first_name":"Joe","last_name":"Shopper"}}]},"transactions":[{"amount":{"total":"20.00","currency":"USD","details":{"subtotal":"17.50","tax":"1.30","shipping":"1.20"}},"description":"Payment description","item_list":{"items":[{"name":"Ground Coffee 40 oz","price":"7.50","currency":"USD","quantity":"1"},{"name":"Granola bars","price":"2.00","currency":"USD","quantity":"5"}]},"related_resources":[{"sale":{"id":"36M663030J205821P","create_time":"2014-03-28T05:05:37Z","update_time":"2014-03-28T05:05:53Z","state":"pending","amount":{"total":"20.00","currency":"USD"},"pending_reason":"paymentreview","parent_payment":"PAY-57154292HK086253RKM2QGII","links":[{"href":"https://api.sandbox.paypal.com/v1/payments/sale/36M663030J205821P","rel":"self","method":"GET"},{"href":"https://api.sandbox.paypal.com/v1/payments/sale/36M663030J205821P/refund","rel":"refund","method":"POST"},{"href":"https://api.sandbox.paypal.com/v1/payments/payment/PAY-57154292HK086253RKM2QGII","rel":"parent_payment","method":"GET"}]}}]}],"links":[{"href":"https://api.sandbox.paypal.com/v1/payments/payment/PAY-57154292HK086253RKM2QGII","rel":"self","method":"GET"}]}
PayPal\Core\PPHttpConnection: Connecting to https://api.sandbox.paypal.com/v1/oauth2/token
PayPal\Core\PPHttpConnection: Payload grant_type=client_credentials
PayPal\Core\PPHttpConnection: Adding header User-Agent: PayPalSDK/rest-sdk-php 0.6.0 (lang=PHP;v=5.3.1;bit=32;os=Windows_NT_5.1;machine=i586;openssl=0.9.8l;curl=7.19.6)
PayPal\Core\PPHttpConnection: Adding header Authorization: Basic QWY3MDh4Q05qd2FFLXZ3WHZzMGdaTV9wcWEweTJhbVFKVlI0UmVpM093SWhCODVONXp6X0ZkUUdxaWoyOkVIRGk3UkI2UkFXeU5VQjdhaEhKbzN4aVhEWWtnOHhUV01LTUN1ODlRSkxTVVFpQXE1OXowYWZOOXZmOQ==
PayPal\Core\PPHttpConnection: Adding header Accept: */*
PayPal\Core\PPHttpConnection: Connecting to https://api.sandbox.paypal.com/v1/oauth2/token
PayPal\Core\PPHttpConnection: Payload grant_type=client_credentials
PayPal\Core\PPHttpConnection: Adding header User-Agent: PayPalSDK/rest-sdk-php 0.6.0 (lang=PHP;v=5.3.1;bit=32;os=Windows_NT_5.1;machine=i586;openssl=0.9.8l;curl=7.19.6)
PayPal\Core\PPHttpConnection: Adding header Authorization: Basic QWY3MDh4Q05qd2FFLXZ3WHZzMGdaTV9wcWEweTJhbVFKVlI0UmVpM093SWhCODVONXp6X0ZkUUdxaWoyOkVIRGk3UkI2UkFXeU5VQjdhaEhKbzN4aVhEWWtnOHhUV01LTUN1ODlRSkxTVVFpQXE1OXowYWZOOXZmOQ==
PayPal\Core\PPHttpConnection: Adding header Accept: */*
PayPal\Core\PPHttpConnection: Connecting to https://api.sandbox.paypal.com/v1/oauth2/token
PayPal\Core\PPHttpConnection: Payload grant_type=client_credentials
PayPal\Core\PPHttpConnection: Adding header User-Agent: PayPalSDK/rest-sdk-php 0.6.0 (lang=PHP;v=5.3.1;bit=32;os=Windows_NT_5.1;machine=i586;openssl=0.9.8l;curl=7.19.6)
PayPal\Core\PPHttpConnection: Adding header Authorization: Basic QWY3MDh4Q05qd2FFLXZ3WHZzMGdaTV9wcWEweTJhbVFKVlI0UmVpM093SWhCODVONXp6X0ZkUUdxaWoyOkVIRGk3UkI2UkFXeU5VQjdhaEhKbzN4aVhEWWtnOHhUV01LTUN1ODlRSkxTVVFpQXE1OXowYWZOOXZmOQ==
PayPal\Core\PPHttpConnection: Adding header Accept: */*
PayPal\Core\PPHttpConnection: Invalid or no certificate authority found - Retrying using bundled CA certs file
PayPal\Core\PPHttpConnection: Connecting to https://api.sandbox.paypal.com/v1/payments/payment
PayPal\Core\PPHttpConnection: Payload {"intent":"sale","payer":{"payment_method":"credit_card","funding_instruments":[{"credit_card":{"type":"visa","number":"4417119669820331","expire_month":"11","expire_year":"2019","cvv2":"012","first_name":"Joe","last_name":"Shopper"}}]},"transactions":[{"amount":{"currency":"USD","total":"20.00","details":{"shipping":"1.20","tax":"1.30","subtotal":"17.50"}},"item_list":{"items":[{"name":"Ground Coffee 40 oz","currency":"USD","quantity":1,"price":"7.50"},{"name":"Granola bars","currency":"USD","quantity":5,"price":"2.00"}]},"description":"Payment description"}]}
PayPal\Core\PPHttpConnection: Adding header Content-Type: application/json
PayPal\Core\PPHttpConnection: Adding header User-Agent: PayPalSDK/rest-sdk-php 0.6.0 (lang=PHP;v=5.3.1;bit=32;os=Windows_NT_5.1;machine=i586;openssl=0.9.8l;curl=7.19.6)
PayPal\Core\PPHttpConnection: Adding header Authorization: Bearer .5n7CZ8DSVuFUZ338NxZrB5.20oDns3OHP8Eb1UEV38
PayPal\Core\PPHttpConnection: Adding header PayPal-Request-Id: 21307064332396139598342951212
PayPal\Core\PPHttpConnection: Invalid or no certificate authority found - Retrying using bundled CA certs file
PayPal\Transport\PPRestCall: {"id":"PAY-56M42931SW781105NKM2QIZA","create_time":"2014-03-28T05:11:00Z","update_time":"2014-03-28T05:11:15Z","state":"pending","intent":"sale","payer":{"payment_method":"credit_card","funding_instruments":[{"credit_card":{"type":"visa","number":"xxxxxxxxxxxx0331","expire_month":"11","expire_year":"2019","first_name":"Joe","last_name":"Shopper"}}]},"transactions":[{"amount":{"total":"20.00","currency":"USD","details":{"subtotal":"17.50","tax":"1.30","shipping":"1.20"}},"description":"Payment description","item_list":{"items":[{"name":"Ground Coffee 40 oz","price":"7.50","currency":"USD","quantity":"1"},{"name":"Granola bars","price":"2.00","currency":"USD","quantity":"5"}]},"related_resources":[{"sale":{"id":"1FC994714A3872810","create_time":"2014-03-28T05:11:00Z","update_time":"2014-03-28T05:11:15Z","state":"pending","amount":{"total":"20.00","currency":"USD"},"pending_reason":"paymentreview","parent_payment":"PAY-56M42931SW781105NKM2QIZA","links":[{"href":"https://api.sandbox.paypal.com/v1/payments/sale/1FC994714A3872810","rel":"self","method":"GET"},{"href":"https://api.sandbox.paypal.com/v1/payments/sale/1FC994714A3872810/refund","rel":"refund","method":"POST"},{"href":"https://api.sandbox.paypal.com/v1/payments/payment/PAY-56M42931SW781105NKM2QIZA","rel":"parent_payment","method":"GET"}]}}]}],"links":[{"href":"https://api.sandbox.paypal.com/v1/payments/payment/PAY-56M42931SW781105NKM2QIZA","rel":"self","method":"GET"}]}
